<?xml version="1.0" encoding="UTF-8"?>
<!-- Generated by org.testng.reporters.JUnitXMLReporter -->
<testsuite ignored="2" hostname="LAPTOP-K3F382HB" failures="0" tests="0" time="0.015" errors="0" timestamp="2024-08-31T23:36:07 IST">
  <testcase classname="Test_Cases.Error_Validation" name="LoginValidtion" time="0.0">
    <ignored/>
  </testcase> <!-- LoginValidtion -->
  <testcase classname="Test_Cases.Error_Validation" name="productCheck" time="0.0">
    <ignored/>
  </testcase> <!-- productCheck -->
</testsuite>
