<?xml version="1.0" encoding="UTF-8"?>
<!-- Generated by org.testng.reporters.JUnitXMLReporter -->
<testsuite ignored="1" hostname="LAPTOP-K3F382HB" failures="0" tests="3" name="Submit Order" time="42.79" errors="0" timestamp="2024-08-31T23:36:50 IST">
  <testcase classname="Test_Cases.E_Commerce" name="eCoomerceapp" time="3.161"/>
  <testcase classname="Test_Cases.E_Commerce" name="eCoomerceapp" time="14.815"/>
  <testcase classname="Test_Cases.E_Commerce" name="eCoomerceapp" time="14.9"/>
  <testcase classname="Test_Cases.E_Commerce" name="OrderPlaced" time="0.0">
    <ignored/>
  </testcase> <!-- OrderPlaced -->
</testsuite> <!-- Submit Order -->
